Build started 10-Dec-16 2:10:07 PM.
     1>Project "C:\Users\Nabila\Desktop\space-invaders\space-invaders\space-invaders.vcxproj" on node 2 (build target(s)).
     1>InitializeBuildStatus:
         Creating "Debug\space-invaders.unsuccessfulbuild" because "AlwaysCreate" was specified.
       ClCompile:
         c:\Program Files (x86)\Microsoft Visual Studio 10.0\VC\bin\CL.exe /c /I"C:\Users\Nabila\Desktop\space-invaders\Debug\\.." /ZI /nologo /W3 /WX- /Od /Oy- /D _MBCS /Gm /EHsc /RTC1 /MDd /GS /fp:precise /Zc:wchar_t /Zc:forScope /Fo"Debug\\" /Fd"Debug\vc100.pdb" /Gd /TP /analyze- /errorReport:prompt cpp\main.cpp
         main.cpp
     1>c:\users\nabila\desktop\space-invaders\space-invaders\cpp\texturebuilder.h(27): warning C4244: 'argument' : conversion from 'int' to 'GLfloat', possible loss of data
     1>c:\users\nabila\desktop\space-invaders\space-invaders\cpp\texturebuilder.h(28): warning C4244: 'argument' : conversion from 'int' to 'GLfloat', possible loss of data
       Link:
         c:\Program Files (x86)\Microsoft Visual Studio 10.0\VC\bin\link.exe /ERRORREPORT:PROMPT /OUT:"C:\Users\Nabila\Desktop\space-invaders\Debug\space-invaders.exe" /NOLOGO /LIBPATH:"C:\Users\Nabila\Desktop\space-invaders\Debug\\.." glut32.lib glew32.lib glaux.lib kernel32.lib user32.lib gdi32.lib winspool.lib comdlg32.lib advapi32.lib shell32.lib ole32.lib oleaut32.lib uuid.lib odbc32.lib odbccp32.lib /MANIFEST /ManifestFile:"Debug\space-invaders.exe.intermediate.manifest" /MANIFESTUAC:"level='asInvoker' uiAccess='false'" /DEBUG /PDB:"C:\Users\Nabila\Desktop\space-invaders\Debug\space-invaders.pdb" /TLBID:1 /DYNAMICBASE /NXCOMPAT /IMPLIB:"C:\Users\Nabila\Desktop\space-invaders\Debug\space-invaders.lib" /MACHINE:X86 Debug\GLTexture.obj
         Debug\main.obj
         Debug\Model_3DS.obj
         LINK : C:\Users\Nabila\Desktop\space-invaders\Debug\space-invaders.exe not found or not built by the last incremental link; performing full link
         space-invaders.vcxproj -> C:\Users\Nabila\Desktop\space-invaders\Debug\space-invaders.exe
       Manifest:
         C:\Program Files (x86)\Microsoft SDKs\Windows\v7.0A\bin\mt.exe /nologo /verbose /outputresource:"C:\Users\Nabila\Desktop\space-invaders\Debug\space-invaders.exe;#1" /manifest "Debug\space-invaders.exe.intermediate.manifest"
       FinalizeBuildStatus:
         Deleting file "Debug\space-invaders.unsuccessfulbuild".
         Touching "Debug\space-invaders.lastbuildstate".
     1>Done Building Project "C:\Users\Nabila\Desktop\space-invaders\space-invaders\space-invaders.vcxproj" (build target(s)).

Build succeeded.

Time Elapsed 00:00:01.46
